Performing C++ SOURCE FILE Test CMAKE_HAVE_LIBC_PTHREAD failed with the following output:
Change Dir: /home/victor/Videos/remote-access-system/mobile-app/android/app/.cxx/RelWithDebInfo/5xb3a6y6/arm64-v8a/CMakeFiles/CMakeTmp

Run Build Command(s):/home/victor/Android/Sdk/cmake/3.22.1/bin/ninja cmTC_8c5f3 && [1/2] Building CXX object CMakeFiles/cmTC_8c5f3.dir/src.cxx.o
FAILED: CMakeFiles/cmTC_8c5f3.dir/src.cxx.o 
/home/victor/Android/Sdk/ndk/25.1.8937393/toolchains/llvm/prebuilt/linux-x86_64/bin/clang++ --target=aarch64-none-linux-android21 --sysroot=/home/victor/Android/Sdk/ndk/25.1.8937393/toolchains/llvm/prebuilt/linux-x86_64/sysroot -DCMAKE_HAVE_LIBC_PTHREAD  -g -DANDROID -fdata-sections -ffunction-sections -funwind-tables -fstack-protector-strong -no-canonical-prefixes -D_FORTIFY_SOURCE=2 -Wformat -Werror=format-security    -fPIE -std=gnu++17 -MD -MT CMakeFiles/cmTC_8c5f3.dir/src.cxx.o -MF CMakeFiles/cmTC_8c5f3.dir/src.cxx.o.d -o CMakeFiles/cmTC_8c5f3.dir/src.cxx.o -c /home/victor/Videos/remote-access-system/mobile-app/android/app/.cxx/RelWithDebInfo/5xb3a6y6/arm64-v8a/CMakeFiles/CMakeTmp/src.cxx
/home/victor/Videos/remote-access-system/mobile-app/android/app/.cxx/RelWithDebInfo/5xb3a6y6/arm64-v8a/CMakeFiles/CMakeTmp/src.cxx:13:3: error: use of undeclared identifier 'pthread_cancel'
  pthread_cancel(thread);
  ^
1 error generated.
ninja: build stopped: subcommand failed.


Source file was:
#include <pthread.h>

static void* test_func(void* data)
{
  return data;
}

int main(void)
{
  pthread_t thread;
  pthread_create(&thread, NULL, test_func, NULL);
  pthread_detach(thread);
  pthread_cancel(thread);
  pthread_join(thread, NULL);
  pthread_atfork(NULL, NULL, NULL);
  pthread_exit(NULL);

  return 0;
}

